<?xml version="1.0" encoding="UTF-8"?>
<testsuite name="com.company.ParserTest" tests="3" skipped="0" failures="0" errors="0" timestamp="2020-12-05T18:06:31" hostname="DESKTOP-D76N532" time="0.018">
  <properties/>
  <testcase name="CustomSeparatorWithDoubleQuotes()" classname="com.company.ParserTest" time="0.006"/>
  <testcase name="DefaultSeparator()" classname="com.company.ParserTest" time="0.003"/>
  <testcase name="CustomSeparator()" classname="com.company.ParserTest" time="0.004"/>
  <system-out><![CDATA[]]></system-out>
  <system-err><![CDATA[]]></system-err>
</testsuite>
