<?xml version="1.0" encoding="UTF-8"?>
<testsuite name="com.company.FileReaderTest" tests="2" skipped="0" failures="0" errors="0" timestamp="2020-12-05T18:06:29" hostname="DESKTOP-D76N532" time="0.137">
  <properties/>
  <testcase name="SuccessedReadFile()" classname="com.company.FileReaderTest" time="0.089"/>
  <testcase name="FailedReadFile()" classname="com.company.FileReaderTest" time="0.043"/>
  <system-out><![CDATA[]]></system-out>
  <system-err><![CDATA[]]></system-err>
</testsuite>
