<?xml version="1.0" encoding="UTF-8"?>
<testsuite name="com.company.ParserTest" tests="3" skipped="0" failures="0" errors="0" timestamp="2020-10-02T17:03:52" hostname="DESKTOP-D76N532" time="0.005">
  <properties/>
  <testcase name="CustomSeparatorWithDoubleQuotes()" classname="com.company.ParserTest" time="0.002"/>
  <testcase name="DefaultSeparator()" classname="com.company.ParserTest" time="0.001"/>
  <testcase name="CustomSeparator()" classname="com.company.ParserTest" time="0.0"/>
  <system-out><![CDATA[]]></system-out>
  <system-err><![CDATA[]]></system-err>
</testsuite>
