<?xml version="1.0" encoding="UTF-8"?>
<testsuite name="com.company.FormatterTest" tests="1" skipped="0" failures="0" errors="0" timestamp="2020-10-02T17:03:52" hostname="DESKTOP-D76N532" time="0.001">
  <properties/>
  <testcase name="GivenCSVLineWithComaDelimiter()" classname="com.company.FormatterTest" time="0.001"/>
  <system-out><![CDATA[]]></system-out>
  <system-err><![CDATA[]]></system-err>
</testsuite>
