<?xml version="1.0" encoding="UTF-8"?>
<testsuite name="com.company.MainTest" tests="1" skipped="0" failures="0" errors="0" timestamp="2020-10-02T17:03:51" hostname="DESKTOP-D76N532" time="0.738">
  <properties/>
  <testcase name="main()" classname="com.company.MainTest" time="0.738"/>
  <system-out><![CDATA[]]></system-out>
  <system-err><![CDATA[]]></system-err>
</testsuite>
