<?xml version="1.0" encoding="UTF-8"?>
<testsuite name="com.company.MainTest" tests="1" skipped="0" failures="0" errors="0" timestamp="2020-12-05T18:06:29" hostname="DESKTOP-D76N532" time="2.369">
  <properties/>
  <testcase name="main()" classname="com.company.MainTest" time="2.369"/>
  <system-out><![CDATA[Execution time: 16 ms
]]></system-out>
  <system-err><![CDATA[]]></system-err>
</testsuite>
